- Building...

Initial chunk files   | Names         |  Raw size | Estimated transfer size
main-SNI52ME4.js      | main          | 933.02 kB |               111.74 kB
styles-KRI7WQ24.css   | styles        | 518.08 kB |                35.31 kB
chunk-WPVYWULQ.js     | -             | 385.01 kB |                98.39 kB
polyfills-FFHMD2TL.js | polyfills     |  33.71 kB |                11.02 kB

                      | Initial total |   1.83 MB |               256.45 kB

Lazy chunk files      | Names         |  Raw size | Estimated transfer size
chunk-Q3JDUGH6.js     | auth-module   |  21.16 kB |                 5.62 kB

Application bundle generation failed. [9.654 seconds]

▲ [WARNING] NG8107: The left side of this optional chain operation does not include 'null' or 'undefined' in its type, therefore the '?.' operator can be replaced with the '.' operator. [plugin angular-compiler]

    src/app/layout/sidebar/sidebar.component.html:17:27:
      17 │             {{ user.email?.charAt(0)?.toUpperCase() }}
         ╵                            ~~~~~~

  Error occurs in the template of component SidebarComponent.

    src/app/layout/sidebar/sidebar.component.ts:11:15:
      11 │   templateUrl: './sidebar.component.html',
         ╵                ~~~~~~~~~~~~~~~~~~~~~~~~~~


▲ [WARNING] NG8107: The left side of this optional chain operation does not include 'null' or 'undefined' in its type, therefore the '?.' operator can be replaced with the '.' operator. [plugin angular-compiler]

    src/app/layout/sidebar/sidebar.component.html:20:51:
      20 │ ...  <span class="font-bold">{{ user.email?.split('@')?.[0] }}</span>
         ╵                                             ~~~~~

  Error occurs in the template of component SidebarComponent.

    src/app/layout/sidebar/sidebar.component.ts:11:15:
      11 │   templateUrl: './sidebar.component.html',
         ╵                ~~~~~~~~~~~~~~~~~~~~~~~~~~


▲ [WARNING] NG8107: The left side of this optional chain operation does not include 'null' or 'undefined' in its type, therefore the '?.' operator can be replaced with the '.' operator. [plugin angular-compiler]

    src/app/pages/events/event-details.component.html:17:66:
      17 │ ...ass="font-bold">{{event.organizer?.email || 'System Admin'}}</div>
         ╵                                       ~~~~~

  Error occurs in the template of component EventDetailsComponent.

    src/app/pages/events/event-details.component.ts:22:17:
      22 │     templateUrl: './event-details.component.html',
         ╵                  ~~~~~~~~~~~~~~~~~~~~~~~~~~~~~~~~


▲ [WARNING] NG8107: The left side of this optional chain operation does not include 'null' or 'undefined' in its type, therefore the '?.' operator can be replaced with the '.' operator. [plugin angular-compiler]

    src/app/pages/events/event-details.component.html:51:55:
      51 │ ... [value]="(event.volunteers?.length || 0) + ' Active Participan...
         ╵                                 ~~~~~~

  Error occurs in the template of component EventDetailsComponent.

    src/app/pages/events/event-details.component.ts:22:17:
      22 │     templateUrl: './event-details.component.html',
         ╵                  ~~~~~~~~~~~~~~~~~~~~~~~~~~~~~~~~


▲ [WARNING] NG8107: The left side of this optional chain operation does not include 'null' or 'undefined' in its type, therefore the '?.' operator can be replaced with the '.' operator. [plugin angular-compiler]

    src/app/pages/events/event-details.component.html:79:98:
      79 │ ...nt-bold cursor-pointer">View All {{event.volunteers?.length || 0}}
         ╵                                                         ~~~~~~

  Error occurs in the template of component EventDetailsComponent.

    src/app/pages/events/event-details.component.ts:22:17:
      22 │     templateUrl: './event-details.component.html',
         ╵                  ~~~~~~~~~~~~~~~~~~~~~~~~~~~~~~~~


▲ [WARNING] bundle initial exceeded maximum budget. Budget 500.00 kB was not met by 1.34 MB with a total of 1.83 MB.


▲ [WARNING] node_modules/primeflex/primeflex.css exceeded maximum budget. Budget 2.00 kB was not met by 337.74 kB with a total of 339.74 kB.


✘ [ERROR] bundle initial exceeded maximum budget. Budget 1.00 MB was not met by 845.83 kB with a total of 1.83 MB.


✘ [ERROR] node_modules/primeflex/primeflex.css exceeded maximum budget. Budget 4.00 kB was not met by 335.74 kB with a total of 339.74 kB.


